C51 COMPILER V9.54   MAIN                                                                  06/10/2024 14:34:01 PAGE 1   


C51 COMPILER V9.54, COMPILATION OF MODULE MAIN
OBJECT MODULE PLACED IN .\Objects\main.obj
COMPILER INVOKED BY: C:\Keil_v5\C51\BIN\C51.EXE main.c OPTIMIZE(8,SPEED) BROWSE DEBUG OBJECTEXTEND PRINT(.\Listings\main
                    -.lst) TABS(2) OBJECT(.\Objects\main.obj)

line level    source

   1          #include <REGX52.H>
   2          #include "Delay.h"
   3          #include "UART.h"
   4          #include "LCD1602.h"
   5          #define uchar unsigned char
   6          #define uint unsigned int
   7          #define BUFFER_SIZE 11 
   8           
   9          uchar rx_buffer[BUFFER_SIZE]; 
  10          uchar rx_index = 0; 
  11          
  12           
  13            unsigned char hour=0,min=0,sec=0;
  14           
  15             uchar con=0;
  16           
  17          bit D_flag=0;
  18          
  19           
  20          
  21          
  22           
  23           void ProcessReceivedData(unsigned char *data_d)  
  24          {
  25   1        uchar hour_s,hour_g,min_s,min_g,sec_s,sec_g;
  26   1        
  27   1           
  28   1          if(data_d[0]=='S')
  29   1         {   TR0=0;
  30   2             ET0=0;    
  31   2             hour_s=data_d[2]-'0';
  32   2             hour_g=data_d[3]-'0';
  33   2            hour=hour_s*10+hour_g;
  34   2        
  35   2             min_s=data_d[5]-'0';
  36   2             min_g=data_d[6]-'0';
  37   2            min=min_s*10+min_g;
  38   2        
  39   2             sec_s=data_d[8]-'0';
  40   2             sec_g=data_d[9]-'0';
  41   2            sec=sec_s*10+sec_g; 
  42   2              TR0=1 ;
  43   2              ET0=1;     
  44   2         }
  45   1        
  46   1      }
  47          void sentdata()
  48          {
  49   1             uint i;
  50   1          for(i=0;i<BUFFER_SIZE;i++)  
  51   1        {
  52   2          SBUF=rx_buffer[i];
  53   2          while(!TI);
  54   2          TI=0;
C51 COMPILER V9.54   MAIN                                                                  06/10/2024 14:34:01 PAGE 2   

  55   2        }
  56   1      }
  57           
  58           
  59          void main()
  60          {
  61   1       LCD_Init();
  62   1        T0_inti();
  63   1         
  64   1      UART_Init();        
  65   1        while(1)
  66   1        {
  67   2              
  68   2              LCD_ShowNum(1,1,hour/10+0x30,1);
  69   2              LCD_ShowNum(1,2,hour%10+0x30,1);
  70   2               LCD_ShowChar(1,3,':');
  71   2              LCD_ShowNum(1,4,min/10+0x30,1);
  72   2              LCD_ShowNum(1,5,min%10+0x30,1);
  73   2              LCD_ShowChar(1,6,':');
  74   2               LCD_ShowNum(1,7,sec/10+0x30,1);
  75   2              LCD_ShowNum(1,8,sec%10+0x30,1);
  76   2              
  77   2            
  78   2              
  79   2        
  80   2        }
  81   1       
  82   1      }
  83           
  84          void T0_EX0()interrupt 1
  85          {
  86   1        TH0=(65536-50000)/256;
  87   1        TL0=(65536-50000)%256;
  88   1          if(++con==20)//1s
  89   1        {
  90   2          con=0;
  91   2          if(++sec==60)//1min
  92   2          {
  93   3              sec=0;
  94   3              if(++min==60)//1hour
  95   3              {   min=0;
  96   4                  if(++hour==24)//1day
  97   4                    hour=0;
  98   4              }   
  99   3          }
 100   2       
 101   2        }
 102   1        
 103   1      }
 104           
 105          void Serial_ISR() interrupt 4 
 106          {
 107   1        
 108   1          if (RI) { 
 109   2              RI = 0;     
 110   2              rx_buffer[rx_index++] = SBUF; 
 111   2              
 112   2              
 113   2              if (rx_buffer[rx_index - 1] == '\n' )
 114   2                {
 115   3                 
 116   3                   sentdata();
C51 COMPILER V9.54   MAIN                                                                  06/10/2024 14:34:01 PAGE 3   

 117   3                  rx_index=0;
 118   3                  ProcessReceivedData(rx_buffer);
 119   3                 
 120   3               }
 121   2            
 122   2            
 123   2            
 124   2          }
 125   1          
 126   1          
 127   1      }


MODULE INFORMATION:   STATIC OVERLAYABLE
   CODE SIZE        =    431    ----
   CONSTANT SIZE    =   ----    ----
   XDATA SIZE       =   ----    ----
   PDATA SIZE       =   ----    ----
   DATA SIZE        =     16    ----
   IDATA SIZE       =   ----    ----
   BIT SIZE         =      1    ----
END OF MODULE INFORMATION.


C51 COMPILATION COMPLETE.  0 WARNING(S),  0 ERROR(S)
