C51 COMPILER V9.54   MAIN                                                                  06/04/2024 00:25:28 PAGE 1   


C51 COMPILER V9.54, COMPILATION OF MODULE MAIN
OBJECT MODULE PLACED IN .\Objects\main.obj
COMPILER INVOKED BY: C:\Keil_v5\C51\BIN\C51.EXE main.c OPTIMIZE(8,SPEED) BROWSE DEBUG OBJECTEXTEND PRINT(.\Listings\main
                    -.lst) TABS(2) OBJECT(.\Objects\main.obj)

line level    source

   1          #include <REGX52.H>
   2          #include <Delay.h>
   3          #include "UART.h"
   4          #include <stdio.h>
   5          #include "LCD1602.h"
   6          #include "juzhenganjian.h"
   7          
   8          
   9          unsigned char Keynum;
  10          
  11          void main()
  12          {
  13   1          UART_Init();
  14   1           TI=1;
  15   1           puts("µÁ–≈2302");
  16   1          puts("¡ıˆŒ");
  17   1        
  18   1            while(!TI);
  19   1        Delay(200);
  20   1            TI=0;
  21   1         
  22   1        
  23   1          
  24   1       LCD_Init();
  25   1          while(1)
  26   1          {
  27   2              LCD_ShowString(1,1,"DianXin");
  28   2              LCD_ShowNum(1,8,2302,4);
  29   2            LCD_ShowString(2,1,"LiuXin");
  30   2            LCD_ShowNum(2,8,00,2);
  31   2            
  32   2          Keynum=juzhenganjian();
  33   2          
  34   2            if(Keynum)
  35   2            {
  36   3              
  37   3              LCD_ShowNum(2,13,Keynum,2);
  38   3              UART_SendByte(Keynum);
  39   3          
  40   3            }
  41   2            
  42   2         }
  43   1       
  44   1      }


MODULE INFORMATION:   STATIC OVERLAYABLE
   CODE SIZE        =    120    ----
   CONSTANT SIZE    =     29    ----
   XDATA SIZE       =   ----    ----
   PDATA SIZE       =   ----    ----
   DATA SIZE        =      1    ----
   IDATA SIZE       =   ----    ----
   BIT SIZE         =   ----    ----
C51 COMPILER V9.54   MAIN                                                                  06/04/2024 00:25:28 PAGE 2   

END OF MODULE INFORMATION.


C51 COMPILATION COMPLETE.  0 WARNING(S),  0 ERROR(S)
